<?xml version="1.0" encoding="UTF-8"?>
<testng-results ignored="0" total="1" passed="1" failed="0" skipped="0">
  <reporter-output>
  </reporter-output>
  <suite started-at="2023-06-08T12:02:41 IST" name="Default suite" finished-at="2023-06-08T12:03:21 IST" duration-ms="39442">
    <groups>
      <group name="cucumber">
        <method signature="AbstractTestNGCucumberTests.runScenario(io.cucumber.testng.PickleWrapper,io.cucumber.testng.FeatureWrapper)[pri:0, instance:testrunner.LoginPage2@cecf639]" name="runScenario" class="io.cucumber.testng.AbstractTestNGCucumberTests"/>
      </group> <!-- cucumber -->
    </groups>
    <test started-at="2023-06-08T12:02:41 IST" name="Default test" finished-at="2023-06-08T12:03:21 IST" duration-ms="39442">
      <class name="testrunner.LoginPage2">
        <test-method is-config="true" signature="setUpClass(org.testng.ITestContext)[pri:0, instance:testrunner.LoginPage2@cecf639]" started-at="2023-06-08T12:02:41 IST" name="setUpClass" finished-at="2023-06-08T12:02:42 IST" duration-ms="863" status="PASS">
          <params>
            <param index="0">
              <value>
                <![CDATA[org.testng.TestRunner@59096b66]]>
              </value>
            </param>
          </params>
          <reporter-output>
          </reporter-output>
        </test-method> <!-- setUpClass -->
        <test-method signature="runScenario(io.cucumber.testng.PickleWrapper,io.cucumber.testng.FeatureWrapper)[pri:0, instance:testrunner.LoginPage2@cecf639]" started-at="2023-06-08T12:02:42 IST" name="runScenario" description="Runs Cucumber Scenarios" data-provider="scenarios" finished-at="2023-06-08T12:03:21 IST" duration-ms="38395" status="PASS">
          <params>
            <param index="0">
              <value>
                <![CDATA["Validate Asianpaints login functionality with invalid data"]]>
              </value>
            </param>
            <param index="1">
              <value>
                <![CDATA["Login"]]>
              </value>
            </param>
          </params>
          <reporter-output>
          </reporter-output>
        </test-method> <!-- runScenario -->
        <test-method is-config="true" signature="tearDownClass()[pri:0, instance:testrunner.LoginPage2@cecf639]" started-at="2023-06-08T12:03:21 IST" name="tearDownClass" finished-at="2023-06-08T12:03:21 IST" duration-ms="119" status="PASS">
          <reporter-output>
          </reporter-output>
        </test-method> <!-- tearDownClass -->
      </class> <!-- testrunner.LoginPage2 -->
    </test> <!-- Default test -->
  </suite> <!-- Default suite -->
</testng-results>
